<?xml version="1.0" encoding="UTF-8"?>
<testsuite xmlns:xsi="http://www.w3.org/2001/XMLSchema-instance" xsi:noNamespaceSchemaLocation="https://maven.apache.org/surefire/maven-surefire-plugin/xsd/surefire-test-report-3.0.xsd" version="3.0" name="com.yrgo.test.CustomerManagementServiceIntegrationTest" time="3.309" tests="2" errors="0" skipped="0" failures="0">
  <properties>
    <property name="java.specification.version" value="17"/>
    <property name="sun.cpu.isalist" value="amd64"/>
    <property name="sun.jnu.encoding" value="Cp1252"/>
    <property name="java.class.path" value="C:\Users\Ilja\OneDrive\Desktop\Code Projects\Server Projects\CRM System\target\test-classes;C:\Users\Ilja\OneDrive\Desktop\Code Projects\Server Projects\CRM System\target\classes;C:\Users\Ilja\.m2\repository\org\apache\logging\log4j\log4j-api\2.20.0\log4j-api-2.20.0.jar;C:\Users\Ilja\.m2\repository\org\apache\logging\log4j\log4j-core\2.20.0\log4j-core-2.20.0.jar;C:\Users\Ilja\.m2\repository\org\aspectj\aspectjtools\1.9.19\aspectjtools-1.9.19.jar;C:\Users\Ilja\.m2\repository\org\aspectj\aspectjweaver\1.9.19\aspectjweaver-1.9.19.jar;C:\Users\Ilja\.m2\repository\org\springframework\spring-context\5.3.28\spring-context-5.3.28.jar;C:\Users\Ilja\.m2\repository\org\springframework\spring-aop\5.3.28\spring-aop-5.3.28.jar;C:\Users\Ilja\.m2\repository\org\springframework\spring-beans\5.3.28\spring-beans-5.3.28.jar;C:\Users\Ilja\.m2\repository\org\springframework\spring-expression\5.3.28\spring-expression-5.3.28.jar;C:\Users\Ilja\.m2\repository\org\springframework\spring-core\5.3.28\spring-core-5.3.28.jar;C:\Users\Ilja\.m2\repository\org\springframework\spring-jcl\5.3.28\spring-jcl-5.3.28.jar;C:\Users\Ilja\.m2\repository\org\springframework\spring-jdbc\5.3.28\spring-jdbc-5.3.28.jar;C:\Users\Ilja\.m2\repository\org\springframework\spring-tx\5.3.28\spring-tx-5.3.28.jar;C:\Users\Ilja\.m2\repository\org\springframework\spring-orm\5.3.24\spring-orm-5.3.24.jar;C:\Users\Ilja\.m2\repository\javax\annotation\javax.annotation-api\1.3.2\javax.annotation-api-1.3.2.jar;C:\Users\Ilja\.m2\repository\org\hibernate\hibernate-core\5.4.18.Final\hibernate-core-5.4.18.Final.jar;C:\Users\Ilja\.m2\repository\org\jboss\logging\jboss-logging\3.3.2.Final\jboss-logging-3.3.2.Final.jar;C:\Users\Ilja\.m2\repository\javax\persistence\javax.persistence-api\2.2\javax.persistence-api-2.2.jar;C:\Users\Ilja\.m2\repository\org\javassist\javassist\3.24.0-GA\javassist-3.24.0-GA.jar;C:\Users\Ilja\.m2\repository\net\bytebuddy\byte-buddy\1.10.10\byte-buddy-1.10.10.jar;C:\Users\Ilja\.m2\repository\antlr\antlr\2.7.7\antlr-2.7.7.jar;C:\Users\Ilja\.m2\repository\org\jboss\spec\javax\transaction\jboss-transaction-api_1.2_spec\1.1.1.Final\jboss-transaction-api_1.2_spec-1.1.1.Final.jar;C:\Users\Ilja\.m2\repository\org\jboss\jandex\2.1.3.Final\jandex-2.1.3.Final.jar;C:\Users\Ilja\.m2\repository\com\fasterxml\classmate\1.5.1\classmate-1.5.1.jar;C:\Users\Ilja\.m2\repository\javax\activation\javax.activation-api\1.2.0\javax.activation-api-1.2.0.jar;C:\Users\Ilja\.m2\repository\org\dom4j\dom4j\2.1.3\dom4j-2.1.3.jar;C:\Users\Ilja\.m2\repository\javax\xml\bind\jaxb-api\2.3.1\jaxb-api-2.3.1.jar;C:\Users\Ilja\.m2\repository\org\glassfish\jaxb\jaxb-runtime\2.3.1\jaxb-runtime-2.3.1.jar;C:\Users\Ilja\.m2\repository\org\glassfish\jaxb\txw2\2.3.1\txw2-2.3.1.jar;C:\Users\Ilja\.m2\repository\com\sun\istack\istack-commons-runtime\3.0.7\istack-commons-runtime-3.0.7.jar;C:\Users\Ilja\.m2\repository\org\jvnet\staxex\stax-ex\1.8\stax-ex-1.8.jar;C:\Users\Ilja\.m2\repository\com\sun\xml\fastinfoset\FastInfoset\1.2.15\FastInfoset-1.2.15.jar;C:\Users\Ilja\.m2\repository\org\hibernate\hibernate-ehcache\5.4.18.Final\hibernate-ehcache-5.4.18.Final.jar;C:\Users\Ilja\.m2\repository\net\sf\ehcache\ehcache\2.10.6\ehcache-2.10.6.jar;C:\Users\Ilja\.m2\repository\org\slf4j\slf4j-api\1.7.25\slf4j-api-1.7.25.jar;C:\Users\Ilja\.m2\repository\jakarta\persistence\jakarta.persistence-api\3.1.0\jakarta.persistence-api-3.1.0.jar;C:\Users\Ilja\.m2\repository\commons-dbcp\commons-dbcp\1.4\commons-dbcp-1.4.jar;C:\Users\Ilja\.m2\repository\commons-pool\commons-pool\1.5.4\commons-pool-1.5.4.jar;C:\Users\Ilja\.m2\repository\org\hsqldb\hsqldb\2.7.3\hsqldb-2.7.3.jar;C:\Users\Ilja\.m2\repository\org\junit\jupiter\junit-jupiter-engine\5.9.1\junit-jupiter-engine-5.9.1.jar;C:\Users\Ilja\.m2\repository\org\junit\platform\junit-platform-engine\1.9.1\junit-platform-engine-1.9.1.jar;C:\Users\Ilja\.m2\repository\org\apiguardian\apiguardian-api\1.1.2\apiguardian-api-1.1.2.jar;C:\Users\Ilja\.m2\repository\org\hibernate\common\hibernate-commons-annotations\5.1.0.Final\hibernate-commons-annotations-5.1.0.Final.jar;C:\Users\Ilja\.m2\repository\org\hibernate\hibernate-entitymanager\5.4.18.Final\hibernate-entitymanager-5.4.18.Final.jar;C:\Users\Ilja\.m2\repository\org\hibernate\javax\persistence\hibernate-jpa-2.1-api\1.0.2.Final\hibernate-jpa-2.1-api-1.0.2.Final.jar;C:\Users\Ilja\.m2\repository\org\junit\jupiter\junit-jupiter-api\5.9.1\junit-jupiter-api-5.9.1.jar;C:\Users\Ilja\.m2\repository\org\opentest4j\opentest4j\1.2.0\opentest4j-1.2.0.jar;C:\Users\Ilja\.m2\repository\org\junit\platform\junit-platform-commons\1.9.1\junit-platform-commons-1.9.1.jar;C:\Users\Ilja\.m2\repository\org\springframework\spring-test\5.3.24\spring-test-5.3.24.jar;"/>
    <property name="java.vm.vendor" value="Eclipse Adoptium"/>
    <property name="sun.arch.data.model" value="64"/>
    <property name="user.variant" value=""/>
    <property name="java.vendor.url" value="https://adoptium.net/"/>
    <property name="user.timezone" value="Europe/Berlin"/>
    <property name="os.name" value="Windows 11"/>
    <property name="java.vm.specification.version" value="17"/>
    <property name="sun.java.launcher" value="SUN_STANDARD"/>
    <property name="user.country" value="US"/>
    <property name="sun.boot.library.path" value="C:\Program Files\Java\jdk-17.0.10+7\bin"/>
    <property name="sun.java.command" value="C:\Users\Ilja\AppData\Local\Temp\surefire13284021274283425452\surefirebooter-20241205122351991_3.jar C:\Users\Ilja\AppData\Local\Temp\surefire13284021274283425452 2024-12-05T12-23-51_836-jvmRun1 surefire-20241205122351991_1tmp surefire_0-20241205122351991_2tmp"/>
    <property name="jdk.debug" value="release"/>
    <property name="surefire.test.class.path" value="C:\Users\Ilja\OneDrive\Desktop\Code Projects\Server Projects\CRM System\target\test-classes;C:\Users\Ilja\OneDrive\Desktop\Code Projects\Server Projects\CRM System\target\classes;C:\Users\Ilja\.m2\repository\org\apache\logging\log4j\log4j-api\2.20.0\log4j-api-2.20.0.jar;C:\Users\Ilja\.m2\repository\org\apache\logging\log4j\log4j-core\2.20.0\log4j-core-2.20.0.jar;C:\Users\Ilja\.m2\repository\org\aspectj\aspectjtools\1.9.19\aspectjtools-1.9.19.jar;C:\Users\Ilja\.m2\repository\org\aspectj\aspectjweaver\1.9.19\aspectjweaver-1.9.19.jar;C:\Users\Ilja\.m2\repository\org\springframework\spring-context\5.3.28\spring-context-5.3.28.jar;C:\Users\Ilja\.m2\repository\org\springframework\spring-aop\5.3.28\spring-aop-5.3.28.jar;C:\Users\Ilja\.m2\repository\org\springframework\spring-beans\5.3.28\spring-beans-5.3.28.jar;C:\Users\Ilja\.m2\repository\org\springframework\spring-expression\5.3.28\spring-expression-5.3.28.jar;C:\Users\Ilja\.m2\repository\org\springframework\spring-core\5.3.28\spring-core-5.3.28.jar;C:\Users\Ilja\.m2\repository\org\springframework\spring-jcl\5.3.28\spring-jcl-5.3.28.jar;C:\Users\Ilja\.m2\repository\org\springframework\spring-jdbc\5.3.28\spring-jdbc-5.3.28.jar;C:\Users\Ilja\.m2\repository\org\springframework\spring-tx\5.3.28\spring-tx-5.3.28.jar;C:\Users\Ilja\.m2\repository\org\springframework\spring-orm\5.3.24\spring-orm-5.3.24.jar;C:\Users\Ilja\.m2\repository\javax\annotation\javax.annotation-api\1.3.2\javax.annotation-api-1.3.2.jar;C:\Users\Ilja\.m2\repository\org\hibernate\hibernate-core\5.4.18.Final\hibernate-core-5.4.18.Final.jar;C:\Users\Ilja\.m2\repository\org\jboss\logging\jboss-logging\3.3.2.Final\jboss-logging-3.3.2.Final.jar;C:\Users\Ilja\.m2\repository\javax\persistence\javax.persistence-api\2.2\javax.persistence-api-2.2.jar;C:\Users\Ilja\.m2\repository\org\javassist\javassist\3.24.0-GA\javassist-3.24.0-GA.jar;C:\Users\Ilja\.m2\repository\net\bytebuddy\byte-buddy\1.10.10\byte-buddy-1.10.10.jar;C:\Users\Ilja\.m2\repository\antlr\antlr\2.7.7\antlr-2.7.7.jar;C:\Users\Ilja\.m2\repository\org\jboss\spec\javax\transaction\jboss-transaction-api_1.2_spec\1.1.1.Final\jboss-transaction-api_1.2_spec-1.1.1.Final.jar;C:\Users\Ilja\.m2\repository\org\jboss\jandex\2.1.3.Final\jandex-2.1.3.Final.jar;C:\Users\Ilja\.m2\repository\com\fasterxml\classmate\1.5.1\classmate-1.5.1.jar;C:\Users\Ilja\.m2\repository\javax\activation\javax.activation-api\1.2.0\javax.activation-api-1.2.0.jar;C:\Users\Ilja\.m2\repository\org\dom4j\dom4j\2.1.3\dom4j-2.1.3.jar;C:\Users\Ilja\.m2\repository\javax\xml\bind\jaxb-api\2.3.1\jaxb-api-2.3.1.jar;C:\Users\Ilja\.m2\repository\org\glassfish\jaxb\jaxb-runtime\2.3.1\jaxb-runtime-2.3.1.jar;C:\Users\Ilja\.m2\repository\org\glassfish\jaxb\txw2\2.3.1\txw2-2.3.1.jar;C:\Users\Ilja\.m2\repository\com\sun\istack\istack-commons-runtime\3.0.7\istack-commons-runtime-3.0.7.jar;C:\Users\Ilja\.m2\repository\org\jvnet\staxex\stax-ex\1.8\stax-ex-1.8.jar;C:\Users\Ilja\.m2\repository\com\sun\xml\fastinfoset\FastInfoset\1.2.15\FastInfoset-1.2.15.jar;C:\Users\Ilja\.m2\repository\org\hibernate\hibernate-ehcache\5.4.18.Final\hibernate-ehcache-5.4.18.Final.jar;C:\Users\Ilja\.m2\repository\net\sf\ehcache\ehcache\2.10.6\ehcache-2.10.6.jar;C:\Users\Ilja\.m2\repository\org\slf4j\slf4j-api\1.7.25\slf4j-api-1.7.25.jar;C:\Users\Ilja\.m2\repository\jakarta\persistence\jakarta.persistence-api\3.1.0\jakarta.persistence-api-3.1.0.jar;C:\Users\Ilja\.m2\repository\commons-dbcp\commons-dbcp\1.4\commons-dbcp-1.4.jar;C:\Users\Ilja\.m2\repository\commons-pool\commons-pool\1.5.4\commons-pool-1.5.4.jar;C:\Users\Ilja\.m2\repository\org\hsqldb\hsqldb\2.7.3\hsqldb-2.7.3.jar;C:\Users\Ilja\.m2\repository\org\junit\jupiter\junit-jupiter-engine\5.9.1\junit-jupiter-engine-5.9.1.jar;C:\Users\Ilja\.m2\repository\org\junit\platform\junit-platform-engine\1.9.1\junit-platform-engine-1.9.1.jar;C:\Users\Ilja\.m2\repository\org\apiguardian\apiguardian-api\1.1.2\apiguardian-api-1.1.2.jar;C:\Users\Ilja\.m2\repository\org\hibernate\common\hibernate-commons-annotations\5.1.0.Final\hibernate-commons-annotations-5.1.0.Final.jar;C:\Users\Ilja\.m2\repository\org\hibernate\hibernate-entitymanager\5.4.18.Final\hibernate-entitymanager-5.4.18.Final.jar;C:\Users\Ilja\.m2\repository\org\hibernate\javax\persistence\hibernate-jpa-2.1-api\1.0.2.Final\hibernate-jpa-2.1-api-1.0.2.Final.jar;C:\Users\Ilja\.m2\repository\org\junit\jupiter\junit-jupiter-api\5.9.1\junit-jupiter-api-5.9.1.jar;C:\Users\Ilja\.m2\repository\org\opentest4j\opentest4j\1.2.0\opentest4j-1.2.0.jar;C:\Users\Ilja\.m2\repository\org\junit\platform\junit-platform-commons\1.9.1\junit-platform-commons-1.9.1.jar;C:\Users\Ilja\.m2\repository\org\springframework\spring-test\5.3.24\spring-test-5.3.24.jar;"/>
    <property name="sun.cpu.endian" value="little"/>
    <property name="user.home" value="C:\Users\Ilja"/>
    <property name="user.language" value="en"/>
    <property name="java.specification.vendor" value="Oracle Corporation"/>
    <property name="java.version.date" value="2024-01-16"/>
    <property name="java.home" value="C:\Program Files\Java\jdk-17.0.10+7"/>
    <property name="file.separator" value="\"/>
    <property name="basedir" value="C:\Users\Ilja\OneDrive\Desktop\Code Projects\Server Projects\CRM System"/>
    <property name="java.vm.compressedOopsMode" value="Zero based"/>
    <property name="line.separator" value="&#10;"/>
    <property name="java.vm.specification.vendor" value="Oracle Corporation"/>
    <property name="java.specification.name" value="Java Platform API Specification"/>
    <property name="surefire.real.class.path" value="C:\Users\Ilja\AppData\Local\Temp\surefire13284021274283425452\surefirebooter-20241205122351991_3.jar"/>
    <property name="user.script" value=""/>
    <property name="sun.management.compiler" value="HotSpot 64-Bit Tiered Compilers"/>
    <property name="java.runtime.version" value="17.0.10+7"/>
    <property name="user.name" value="Ilja"/>
    <property name="path.separator" value=";"/>
    <property name="os.version" value="10.0"/>
    <property name="java.runtime.name" value="OpenJDK Runtime Environment"/>
    <property name="file.encoding" value="Cp1252"/>
    <property name="java.vm.name" value="OpenJDK 64-Bit Server VM"/>
    <property name="java.vendor.version" value="Temurin-17.0.10+7"/>
    <property name="localRepository" value="C:\Users\Ilja\.m2\repository"/>
    <property name="java.vendor.url.bug" value="https://github.com/adoptium/adoptium-support/issues"/>
    <property name="java.io.tmpdir" value="C:\Users\Ilja\AppData\Local\Temp\"/>
    <property name="idea.version" value="2023.2.5"/>
    <property name="java.version" value="17.0.10"/>
    <property name="user.dir" value="C:\Users\Ilja\OneDrive\Desktop\Code Projects\Server Projects\CRM System"/>
    <property name="os.arch" value="amd64"/>
    <property name="java.vm.specification.name" value="Java Virtual Machine Specification"/>
    <property name="sun.os.patch.level" value=""/>
    <property name="native.encoding" value="Cp1252"/>
    <property name="java.library.path" value="C:\Program Files\Java\jdk-17.0.10+7\bin;C:\WINDOWS\Sun\Java\bin;C:\WINDOWS\system32;C:\WINDOWS;C:\Python312\Scripts\;C:\Python312\;C:\Program Files\Eclipse Adoptium\jdk-17.0.8.101-hotspot\bin;C:\Program Files\Common Files\Oracle\Java\javapath;C:\WINDOWS\system32;C:\WINDOWS;C:\WINDOWS\System32\Wbem;C:\WINDOWS\System32\WindowsPowerShell\v1.0\;C:\WINDOWS\System32\OpenSSH\;C:\Program Files\Docker\Docker\resources\bin;C:\Program Files\nodejs\;C:\ProgramData\chocolatey\bin;C:\Program Files\dotnet\;C:\Users\Ilja\Documents\Gradle\gradle-8.5\bin;C:\Program Files (x86)\Windows Kits\10\Windows Performance Toolkit\;C:\Program Files (x86)\Microsoft SQL Server\160\DTS\Binn\;C:\Program Files\Azure Data Studio\bin;C:\Program Files\Microsoft SQL Server\150\Tools\Binn\;C:\Program Files\Microsoft SQL Server\Client SDK\ODBC\170\Tools\Binn\;C:\Program Files\Git\cmd;C:\Program Files\Mullvad VPN\resources;C:\Users\Ilja\.cargo\bin;C:\Users\Ilja\AppData\Local\Programs\Python\Python311\Scripts\;C:\Users\Ilja\AppData\Local\Programs\Python\Python311\;C:\Users\Ilja\AppData\Local\Microsoft\WindowsApps;C:\Users\Ilja\AppData\Local\Programs\Azure Data Studio\bin;C:\Users\Ilja\AppData\Local\GitHubDesktop\bin;C:\Users\Ilja\AppData\Roaming\npm;C:\Users\Ilja\.dotnet\tools;C:\Users\Ilja\Downloads\apache-maven-3.9.6\bin;C:\msys64\ucrt64\bin;C:\Program Files\Azure Data Studio\bin;C:\Program Files\MongoDB\mongosh-2.1.4-win32-x64\bin;C:\Program Files\Java\jdk-17.0.10+7\bin;;."/>
    <property name="java.vm.info" value="mixed mode, sharing"/>
    <property name="java.vendor" value="Eclipse Adoptium"/>
    <property name="java.vm.version" value="17.0.10+7"/>
    <property name="sun.io.unicode.encoding" value="UnicodeLittle"/>
    <property name="java.class.version" value="61.0"/>
  </properties>
  <testcase name="testFindingById" classname="com.yrgo.test.CustomerManagementServiceIntegrationTest" time="0.805">
    <system-out><![CDATA[Hibernate: drop table if exists Action CASCADE 
Hibernate: drop table if exists Customer CASCADE 
Hibernate: drop table if exists Customer_TBL_CALL CASCADE 
Hibernate: drop table if exists TBL_CALL CASCADE 
Hibernate: drop sequence if exists hibernate_sequence
Hibernate: create sequence hibernate_sequence start with 1 increment by 1
Hibernate: create table Action (actionId integer not null, complete boolean not null, details varchar(255), owningUser varchar(255), requiredBy timestamp, primary key (actionId))
Hibernate: create table Customer (customerId varchar(255) not null, companyName varchar(255), email varchar(255), notes varchar(255), telephone varchar(255), primary key (customerId))
Hibernate: create table Customer_TBL_CALL (Customer_customerId varchar(255) not null, calls_id integer not null)
Hibernate: create table TBL_CALL (id integer not null, notes varchar(255), timeAndDate timestamp, primary key (id))
Hibernate: alter table Customer_TBL_CALL add constraint UK_klici3tapu1wnmase4vwypfc4 unique (calls_id)
Hibernate: alter table Customer_TBL_CALL add constraint FKcp9vxb18jnb84qqhht8yw6qgt foreign key (calls_id) references TBL_CALL
Hibernate: alter table Customer_TBL_CALL add constraint FKd2jiq43djxj5qjwo01ilaaqoq foreign key (Customer_customerId) references Customer
Hibernate: drop table if exists Action CASCADE 
Hibernate: drop table if exists Customer CASCADE 
Hibernate: drop table if exists Customer_TBL_CALL CASCADE 
Hibernate: drop table if exists TBL_CALL CASCADE 
Hibernate: drop sequence if exists hibernate_sequence
Hibernate: create sequence hibernate_sequence start with 1 increment by 1
Hibernate: create table Action (actionId integer not null, complete boolean not null, details varchar(255), owningUser varchar(255), requiredBy timestamp, primary key (actionId))
Hibernate: create table Customer (customerId varchar(255) not null, companyName varchar(255), email varchar(255), notes varchar(255), telephone varchar(255), primary key (customerId))
Hibernate: create table Customer_TBL_CALL (Customer_customerId varchar(255) not null, calls_id integer not null)
Hibernate: create table TBL_CALL (id integer not null, notes varchar(255), timeAndDate timestamp, primary key (id))
Hibernate: alter table Customer_TBL_CALL add constraint UK_klici3tapu1wnmase4vwypfc4 unique (calls_id)
Hibernate: alter table Customer_TBL_CALL add constraint FKcp9vxb18jnb84qqhht8yw6qgt foreign key (calls_id) references TBL_CALL
Hibernate: alter table Customer_TBL_CALL add constraint FKd2jiq43djxj5qjwo01ilaaqoq foreign key (Customer_customerId) references Customer
Hibernate: select customer0_.customerId as customer1_1_1_, customer0_.companyName as companyn2_1_1_, customer0_.email as email3_1_1_, customer0_.notes as notes4_1_1_, customer0_.telephone as telephon5_1_1_, calls1_.Customer_customerId as customer1_2_3_, call2_.id as calls_id2_2_3_, call2_.id as id1_3_0_, call2_.notes as notes2_3_0_, call2_.timeAndDate as timeandd3_3_0_ from Customer customer0_ left outer join Customer_TBL_CALL calls1_ on customer0_.customerId=calls1_.Customer_customerId left outer join TBL_CALL call2_ on calls1_.calls_id=call2_.id where customer0_.customerId=?
&amp#27;[34mTIMER: Method &amp#27;[33mCustomerDao.create()&amp#27;[34m took 75.2396ms
&amp#27;[0m&amp#27;[34mTIMER: Method &amp#27;[33mCustomerManagementService.newCustomer()&amp#27;[34m took 88.8547ms
&amp#27;[0mHibernate: insert into Customer (companyName, email, notes, telephone, customerId) values (?, ?, ?, ?, ?)
Hibernate: select customer0_.customerId as customer1_1_, customer0_.companyName as companyn2_1_, customer0_.email as email3_1_, customer0_.notes as notes4_1_, customer0_.telephone as telephon5_1_ from Customer customer0_ where customer0_.customerId=?
&amp#27;[34mTIMER: Method &amp#27;[33mCustomerDao.getById()&amp#27;[34m took 68.3354ms
&amp#27;[0m&amp#27;[34mTIMER: Method &amp#27;[33mCustomerManagementService.findCustomerById()&amp#27;[34m took 68.9797ms
&amp#27;[0m]]></system-out>
  </testcase>
  <testcase name="testAddingCustomer" classname="com.yrgo.test.CustomerManagementServiceIntegrationTest" time="0.178">
    <system-out><![CDATA[Hibernate: drop table if exists Action CASCADE 
Hibernate: drop table if exists Customer CASCADE 
Hibernate: drop table if exists Customer_TBL_CALL CASCADE 
Hibernate: drop table if exists TBL_CALL CASCADE 
Hibernate: drop sequence if exists hibernate_sequence
Hibernate: create sequence hibernate_sequence start with 1 increment by 1
Hibernate: create table Action (actionId integer not null, complete boolean not null, details varchar(255), owningUser varchar(255), requiredBy timestamp, primary key (actionId))
Hibernate: create table Customer (customerId varchar(255) not null, companyName varchar(255), email varchar(255), notes varchar(255), telephone varchar(255), primary key (customerId))
Hibernate: create table Customer_TBL_CALL (Customer_customerId varchar(255) not null, calls_id integer not null)
Hibernate: create table TBL_CALL (id integer not null, notes varchar(255), timeAndDate timestamp, primary key (id))
Hibernate: alter table Customer_TBL_CALL add constraint UK_klici3tapu1wnmase4vwypfc4 unique (calls_id)
Hibernate: alter table Customer_TBL_CALL add constraint FKcp9vxb18jnb84qqhht8yw6qgt foreign key (calls_id) references TBL_CALL
Hibernate: alter table Customer_TBL_CALL add constraint FKd2jiq43djxj5qjwo01ilaaqoq foreign key (Customer_customerId) references Customer
Hibernate: select customer0_.customerId as customer1_1_1_, customer0_.companyName as companyn2_1_1_, customer0_.email as email3_1_1_, customer0_.notes as notes4_1_1_, customer0_.telephone as telephon5_1_1_, calls1_.Customer_customerId as customer1_2_3_, call2_.id as calls_id2_2_3_, call2_.id as id1_3_0_, call2_.notes as notes2_3_0_, call2_.timeAndDate as timeandd3_3_0_ from Customer customer0_ left outer join Customer_TBL_CALL calls1_ on customer0_.customerId=calls1_.Customer_customerId left outer join TBL_CALL call2_ on calls1_.calls_id=call2_.id where customer0_.customerId=?
&amp#27;[34mTIMER: Method &amp#27;[33mCustomerDao.create()&amp#27;[34m took 1.6896ms
&amp#27;[0m&amp#27;[34mTIMER: Method &amp#27;[33mCustomerManagementService.newCustomer()&amp#27;[34m took 1.9822ms
&amp#27;[0mHibernate: insert into Customer (companyName, email, notes, telephone, customerId) values (?, ?, ?, ?, ?)
Hibernate: select customer0_.customerId as customer1_1_1_, customer0_.companyName as companyn2_1_1_, customer0_.email as email3_1_1_, customer0_.notes as notes4_1_1_, customer0_.telephone as telephon5_1_1_, calls1_.Customer_customerId as customer1_2_3_, call2_.id as calls_id2_2_3_, call2_.id as id1_3_0_, call2_.notes as notes2_3_0_, call2_.timeAndDate as timeandd3_3_0_ from Customer customer0_ left outer join Customer_TBL_CALL calls1_ on customer0_.customerId=calls1_.Customer_customerId left outer join TBL_CALL call2_ on calls1_.calls_id=call2_.id where customer0_.customerId=?
&amp#27;[34mTIMER: Method &amp#27;[33mCustomerDao.create()&amp#27;[34m took 0.943ms
&amp#27;[0m&amp#27;[34mTIMER: Method &amp#27;[33mCustomerManagementService.newCustomer()&amp#27;[34m took 1.0548ms
&amp#27;[0mHibernate: insert into Customer (companyName, email, notes, telephone, customerId) values (?, ?, ?, ?, ?)
Hibernate: select customer0_.customerId as customer1_1_, customer0_.companyName as companyn2_1_, customer0_.email as email3_1_, customer0_.notes as notes4_1_, customer0_.telephone as telephon5_1_ from Customer customer0_
&amp#27;[34mTIMER: Method &amp#27;[33mCustomerDao.getAllCustomers()&amp#27;[34m took 1.9674ms
&amp#27;[0m&amp#27;[34mTIMER: Method &amp#27;[33mCustomerManagementService.getAllCustomers()&amp#27;[34m took 2.3002ms
&amp#27;[0m]]></system-out>
  </testcase>
</testsuite>